# JRE version: OpenJDK Runtime Environment Temurin-17.0.15+6 (17.0.15+6) (build 17.0.15+6)
# Java VM: OpenJDK 64-Bit Server VM Temurin-17.0.15+6 (17.0.15+6, mixed mode, sharing, tiered, compressed oops, compressed class ptrs, g1 gc, windows-amd64)
GC Precious Log:
 CPUs: 4 total, 4 available
 Memory: 8191M
 Large Page Support: Disabled
 NUMA Support: Disabled
 Compressed Oops: Enabled (32-bit)
 Heap Region Size: 1M
 Heap Min Capacity: 8M
 Heap Initial Capacity: 128M
 Heap Max Capacity: 2G
 Pre-touch: Disabled
 Parallel Workers: 4
 Concurrent Workers: 1
 Concurrent Refinement Workers: 4
 Periodic GC: Disabled
Heap:
 garbage-first heap   total 107520K, used 63115K [0x0000000080000000, 0x0000000100000000)
  region size 1024K, 21 young (21504K), 5 survivors (5120K)
 Metaspace       used 53831K, committed 54528K, reserved 1114112K
  class space    used 7616K, committed 7936K, reserved 1048576K
GC Heap History (20 events):
Event: 4.679 GC heap before
{Heap before GC invocations=3 (full 0):
 garbage-first heap   total 131072K, used 88486K [0x0000000080000000, 0x0000000100000000)
  region size 1024K, 76 young (77824K), 2 survivors (2048K)
 Metaspace       used 17464K, committed 17792K, reserved 1114112K
  class space    used 2564K, committed 2752K, reserved 1048576K
}
Event: 4.697 GC heap after
{Heap after GC invocations=4 (full 0):
 garbage-first heap   total 131072K, used 21227K [0x0000000080000000, 0x0000000100000000)
  region size 1024K, 10 young (10240K), 10 survivors (10240K)
 Metaspace       used 17464K, committed 17792K, reserved 1114112K
  class space    used 2564K, committed 2752K, reserved 1048576K
}
Event: 6.501 GC heap before
{Heap before GC invocations=4 (full 0):
 garbage-first heap   total 131072K, used 44779K [0x0000000080000000, 0x0000000100000000)
  region size 1024K, 35 young (35840K), 10 survivors (10240K)
 Metaspace       used 21192K, committed 21504K, reserved 1114112K
  class space    used 3097K, committed 3264K, reserved 1048576K
}
Event: 6.521 GC heap after
{Heap after GC invocations=5 (full 0):
 garbage-first heap   total 131072K, used 24536K [0x0000000080000000, 0x0000000100000000)
  region size 1024K, 4 young (4096K), 4 survivors (4096K)
 Metaspace       used 21192K, committed 21504K, reserved 1114112K
  class space    used 3097K, committed 3264K, reserved 1048576K
}
Event: 7.988 GC heap before
{Heap before GC invocations=6 (full 0):
 garbage-first heap   total 89088K, used 73688K [0x0000000080000000, 0x0000000100000000)
  region size 1024K, 52 young (53248K), 4 survivors (4096K)
 Metaspace       used 28497K, committed 28928K, reserved 1114112K
  class space    used 4135K, committed 4288K, reserved 1048576K
}
Event: 7.997 GC heap after
{Heap after GC invocations=7 (full 0):
 garbage-first heap   total 89088K, used 27150K [0x0000000080000000, 0x0000000100000000)
  region size 1024K, 6 young (6144K), 6 survivors (6144K)
 Metaspace       used 28497K, committed 28928K, reserved 1114112K
  class space    used 4135K, committed 4288K, reserved 1048576K
}
Event: 8.934 GC heap before
{Heap before GC invocations=7 (full 0):
 garbage-first heap   total 89088K, used 69134K [0x0000000080000000, 0x0000000100000000)
  region size 1024K, 45 young (46080K), 6 survivors (6144K)
 Metaspace       used 33854K, committed 34304K, reserved 1114112K
  class space    used 4650K, committed 4864K, reserved 1048576K
}
Event: 8.948 GC heap after
{Heap after GC invocations=8 (full 0):
 garbage-first heap   total 89088K, used 31915K [0x0000000080000000, 0x0000000100000000)
  region size 1024K, 6 young (6144K), 6 survivors (6144K)
 Metaspace       used 33854K, committed 34304K, reserved 1114112K
  class space    used 4650K, committed 4864K, reserved 1048576K
}
Event: 9.599 GC heap before
{Heap before GC invocations=8 (full 0):
 garbage-first heap   total 89088K, used 49323K [0x0000000080000000, 0x0000000100000000)
  region size 1024K, 24 young (24576K), 6 survivors (6144K)
 Metaspace       used 35502K, committed 35968K, reserved 1114112K
  class space    used 4895K, committed 5120K, reserved 1048576K
}
Event: 9.617 GC heap after
{Heap after GC invocations=9 (full 0):
 garbage-first heap   total 89088K, used 34641K [0x0000000080000000, 0x0000000100000000)
  region size 1024K, 3 young (3072K), 3 survivors (3072K)
 Metaspace       used 35502K, committed 35968K, reserved 1114112K
  class space    used 4895K, committed 5120K, reserved 1048576K
}
Event: 10.380 GC heap before
{Heap before GC invocations=10 (full 0):
 garbage-first heap   total 89088K, used 68433K [0x0000000080000000, 0x0000000100000000)
  region size 1024K, 36 young (36864K), 3 survivors (3072K)
 Metaspace       used 37793K, committed 38272K, reserved 1114112K
  class space    used 5232K, committed 5440K, reserved 1048576K
}
Event: 10.394 GC heap after
{Heap after GC invocations=11 (full 0):
 garbage-first heap   total 89088K, used 36556K [0x0000000080000000, 0x0000000100000000)
  region size 1024K, 5 young (5120K), 5 survivors (5120K)
 Metaspace       used 37793K, committed 38272K, reserved 1114112K
  class space    used 5232K, committed 5440K, reserved 1048576K
}
Event: 11.309 GC heap before
{Heap before GC invocations=11 (full 0):
 garbage-first heap   total 89088K, used 70348K [0x0000000080000000, 0x0000000100000000)
  region size 1024K, 37 young (37888K), 5 survivors (5120K)
 Metaspace       used 42708K, committed 43264K, reserved 1114112K
  class space    used 5895K, committed 6144K, reserved 1048576K
}
Event: 11.323 GC heap after
{Heap after GC invocations=12 (full 0):
 garbage-first heap   total 107520K, used 38430K [0x0000000080000000, 0x0000000100000000)
  region size 1024K, 5 young (5120K), 5 survivors (5120K)
 Metaspace       used 42708K, committed 43264K, reserved 1114112K
  class space    used 5895K, committed 6144K, reserved 1048576K
}
Event: 12.699 GC heap before
{Heap before GC invocations=12 (full 0):
 garbage-first heap   total 107520K, used 83486K [0x0000000080000000, 0x0000000100000000)
  region size 1024K, 49 young (50176K), 5 survivors (5120K)
 Metaspace       used 45965K, committed 46592K, reserved 1114112K
  class space    used 6411K, committed 6720K, reserved 1048576K
}
Event: 12.714 GC heap after
{Heap after GC invocations=13 (full 0):
 garbage-first heap   total 107520K, used 43102K [0x0000000080000000, 0x0000000100000000)
  region size 1024K, 7 young (7168K), 7 survivors (7168K)
 Metaspace       used 45965K, committed 46592K, reserved 1114112K
  class space    used 6411K, committed 6720K, reserved 1048576K
}
Event: 14.858 GC heap before
{Heap before GC invocations=13 (full 0):
 garbage-first heap   total 107520K, used 84062K [0x0000000080000000, 0x0000000100000000)
  region size 1024K, 47 young (48128K), 7 survivors (7168K)
 Metaspace       used 50742K, committed 51328K, reserved 1114112K
  class space    used 7149K, committed 7424K, reserved 1048576K
}
Event: 14.870 GC heap after
{Heap after GC invocations=14 (full 0):
 garbage-first heap   total 107520K, used 45418K [0x0000000080000000, 0x0000000100000000)
  region size 1024K, 3 young (3072K), 3 survivors (3072K)
 Metaspace       used 50742K, committed 51328K, reserved 1114112K
  class space    used 7149K, committed 7424K, reserved 1048576K
}
Event: 17.724 GC heap before
{Heap before GC invocations=14 (full 0):
 garbage-first heap   total 107520K, used 84330K [0x0000000080000000, 0x0000000100000000)
  region size 1024K, 41 young (41984K), 3 survivors (3072K)
 Metaspace       used 53438K, committed 54080K, reserved 1114112K
  class space    used 7574K, committed 7872K, reserved 1048576K
}
Event: 17.738 GC heap after
{Heap after GC invocations=15 (full 0):
 garbage-first heap   total 107520K, used 47755K [0x0000000080000000, 0x0000000100000000)
  region size 1024K, 5 young (5120K), 5 survivors (5120K)
 Metaspace       used 53438K, committed 54080K, reserved 1114112K
  class space    used 7574K, committed 7872K, reserved 1048576K
}

